Build started 4/24/2015 11:30:45 AM.
     1>Project "P:\Private\CMPSC 121\Activities\Activity25\act25\act25\act25.vcxproj" on node 2 (Rebuild target(s)).
     1>ClCompile:
         C:\Program Files (x86)\Microsoft Visual Studio 12.0\VC\bin\CL.exe /c /ZI /nologo /W3 /WX- /sdl /Od /Oy- /D WIN32 /D _DEBUG /D _CONSOLE /D _LIB /D _UNICODE /D UNICODE /Gm /EHsc /RTC1 /MDd /GS /fp:precise /Zc:wchar_t /Zc:forScope /Fo"Debug\\" /Fd"Debug\vc120.pdb" /Gd /TP /analyze- /errorReport:prompt "act25-1.cpp"
         act25-1.cpp
     1>p:\private\cmpsc 121\activities\activity25\act25\act25\act25-1.cpp(29): warning C4244: 'argument' : conversion from 'time_t' to 'unsigned int', possible loss of data
     1>p:\private\cmpsc 121\activities\activity25\act25\act25\act25-1.cpp(44): warning C4018: '<' : signed/unsigned mismatch
     1>p:\private\cmpsc 121\activities\activity25\act25\act25\act25-1.cpp(54): warning C4018: '<' : signed/unsigned mismatch
     1>p:\private\cmpsc 121\activities\activity25\act25\act25\act25-1.cpp(58): warning C4018: '<' : signed/unsigned mismatch
     1>p:\private\cmpsc 121\activities\activity25\act25\act25\act25-1.cpp(71): warning C4018: '<' : signed/unsigned mismatch
     1>p:\private\cmpsc 121\activities\activity25\act25\act25\act25-1.cpp(75): warning C4018: '<' : signed/unsigned mismatch
     1>p:\private\cmpsc 121\activities\activity25\act25\act25\act25-1.cpp(90): warning C4018: '<' : signed/unsigned mismatch
       Link:
         C:\Program Files (x86)\Microsoft Visual Studio 12.0\VC\bin\link.exe /ERRORREPORT:PROMPT /OUT:"P:\Private\CMPSC 121\Activities\Activity25\act25\Debug\act25.exe" /INCREMENTAL /NOLOGO kernel32.lib user32.lib gdi32.lib winspool.lib comdlg32.lib advapi32.lib shell32.lib ole32.lib oleaut32.lib uuid.lib odbc32.lib odbccp32.lib /MANIFEST /MANIFESTUAC:"level='asInvoker' uiAccess='false'" /manifest:embed /DEBUG /PDB:"P:\Private\CMPSC 121\Activities\Activity25\act25\Debug\act25.pdb" /SUBSYSTEM:CONSOLE /TLBID:1 /DYNAMICBASE /NXCOMPAT /IMPLIB:"P:\Private\CMPSC 121\Activities\Activity25\act25\Debug\act25.lib" /MACHINE:X86 "Debug\act25-1.obj"
     1>act25-1.obj : error LNK2019: unresolved external symbol "int __cdecl fillVector(class std::vector<int,class std::allocator<int> > &,int)" (?fillVector@@YAHAAV?$vector@HV?$allocator@H@std@@@std@@H@Z) referenced in function _main
     1>P:\Private\CMPSC 121\Activities\Activity25\act25\Debug\act25.exe : fatal error LNK1120: 1 unresolved externals
     1>Done Building Project "P:\Private\CMPSC 121\Activities\Activity25\act25\act25\act25.vcxproj" (Rebuild target(s)) -- FAILED.

Build FAILED.

Time Elapsed 00:00:01.38
